<?xml version="1.0" encoding="UTF-8"?>
<!-- Generated by org.testng.reporters.JUnitReportReporter -->
<testsuite skipped="0" hostname="VSRIHARIPF10Z70X" name="com.ot.tgo.testcases.loginTest" tests="2" failures="0" timestamp="06 Jul 2018 10:59:57 GMT" time="17.512" errors="0">
  <testcase name="loginPageTitleTest" time="6.147" classname="com.ot.tgo.testcases.loginTest"/>
  <testcase name="loginPageTest" time="11.365" classname="com.ot.tgo.testcases.loginTest"/>
</testsuite> <!-- com.ot.tgo.testcases.loginTest -->
