<?xml version="1.0" encoding="UTF-8"?>
<!-- Generated by org.testng.reporters.JUnitReportReporter -->
<testsuite skipped="0" hostname="VSRIHARIPF10Z70X" name="com.ot.tgo.testcases.SubscriptionTest" tests="2" failures="0" timestamp="12 Aug 2018 16:36:07 GMT" time="109.606" errors="0">
  <testcase name="createCompanyTest" time="21.721" classname="com.ot.tgo.testcases.SubscriptionTest"/>
  <testcase name="subscribeServiceTest" time="87.885" classname="com.ot.tgo.testcases.SubscriptionTest"/>
</testsuite> <!-- com.ot.tgo.testcases.SubscriptionTest -->
